<?xml version="1.0" encoding="UTF-8"?>
<!-- Generated by org.testng.reporters.JUnitReportReporter -->
<testsuite skipped="0" hostname="srijaytechLAP-1" name="com.qa.tests.LoginPageTest" tests="2" failures="0" timestamp="2019-11-25T16:11:16 IST" time="31.788" errors="0">
  <testcase name="kiposTitleTest" time="19.326" classname="com.qa.tests.LoginPageTest"/>
  <testcase name="kiposLogoTest" time="12.462" classname="com.qa.tests.LoginPageTest"/>
</testsuite> <!-- com.qa.tests.LoginPageTest -->
