<?xml version="1.0" encoding="UTF-8"?>
<!-- Generated by org.testng.reporters.JUnitReportReporter -->
<testsuite skipped="0" hostname="srijaytechLAP-1" name="com.qa.tests.LoginPage" tests="2" failures="0" timestamp="2019-11-25T14:22:07 IST" time="27.013" errors="0">
  <testcase name="kiposTitleTest" time="12.622" classname="com.qa.tests.LoginPage"/>
  <testcase name="kiposLogoTest" time="14.391" classname="com.qa.tests.LoginPage"/>
</testsuite> <!-- com.qa.tests.LoginPage -->
